<?xml version="1.0" encoding="UTF-8"?>
<!-- Generated by org.testng.reporters.JUnitXMLReporter -->
<testsuite ignored="0" hostname="DESKTOP-6O0AM8N" failures="3" tests="7" name="Banking App Test" time="161.813" errors="0" timestamp="2023-11-06T15:19:59 IST">
  <testcase classname="com.iNetBankingV3.testCases.TC_LoginTest_001" name="loginTest" time="5.529"/>
  <testcase classname="com.iNetBankingV3.testCases.TC_LoginDDT_002" name="loginDDT" time="13.791"/>
  <testcase classname="com.iNetBankingV3.testCases.TC_LoginDDT_002" name="loginDDT" time="8.048">
    <failure type="java.lang.AssertionError" message="expected [true] but found [false]">
      <![CDATA[java.lang.AssertionError: expected [true] but found [false]
at com.iNetBankingV3.testCases.TC_LoginDDT_002.loginDDT(TC_LoginDDT_002.java:36)
at java.base/java.util.ArrayList.forEach(ArrayList.java:1541)
... Removed 31 stack frames]]>
    </failure>
  </testcase> <!-- loginDDT -->
  <testcase classname="com.iNetBankingV3.testCases.TC_LoginDDT_002" name="loginDDT" time="5.717">
    <failure type="java.lang.AssertionError" message="expected [true] but found [false]">
      <![CDATA[java.lang.AssertionError: expected [true] but found [false]
at com.iNetBankingV3.testCases.TC_LoginDDT_002.loginDDT(TC_LoginDDT_002.java:36)
at java.base/java.util.ArrayList.forEach(ArrayList.java:1541)
... Removed 31 stack frames]]>
    </failure>
  </testcase> <!-- loginDDT -->
  <testcase classname="com.iNetBankingV3.testCases.TC_LoginDDT_002" name="loginDDT" time="5.288">
    <failure type="java.lang.AssertionError" message="expected [true] but found [false]">
      <![CDATA[java.lang.AssertionError: expected [true] but found [false]
at com.iNetBankingV3.testCases.TC_LoginDDT_002.loginDDT(TC_LoginDDT_002.java:36)
at java.base/java.util.ArrayList.forEach(ArrayList.java:1541)
... Removed 31 stack frames]]>
    </failure>
  </testcase> <!-- loginDDT -->
  <testcase classname="com.iNetBankingV3.testCases.TC_LoginDDT_002" name="loginDDT" time="10.012"/>
  <testcase classname="com.iNetBankingV3.testCases.TC_AddCustomer_003" name="addNewCustomer" time="20.412"/>
</testsuite> <!-- Banking App Test -->
